2023/12/12 12:01:48 [error] [exception.CHttpException.404] CHttpException: The system is unable to find the requested action "changePassword". in /var/www/html/framework/web/CController.php:486
Stack trace:
#0 /var/www/html/framework/web/CController.php(270): CController->missingAction('changePassword')
#1 /var/www/html/framework/web/CWebApplication.php(282): CController->run('changePassword')
#2 /var/www/html/framework/web/CWebApplication.php(141): CWebApplication->runController('user/changePass...')
#3 /var/www/html/framework/base/CApplication.php(185): CWebApplication->processRequest()
#4 /var/www/html/salestracker/index.php(13): CApplication->run()
#5 {main}
REQUEST_URI=/salestracker/index.php?r=user/changePassword
HTTP_REFERER=http://salestracker:82/salestracker/index.php
---
2023/12/12 12:02:19 [error] [exception.CException] CException: Property "ChangePasswordForm.password" is not defined. in /var/www/html/framework/base/CComponent.php:130
Stack trace:
#0 /var/www/html/framework/web/helpers/CHtml.php(2784): CComponent->__get('password')
#1 /var/www/html/framework/web/helpers/CHtml.php(2507): CHtml::resolveValue(Object(ChangePasswordForm), 'password')
#2 /var/www/html/framework/web/helpers/CHtml.php(1828): CHtml::activeInputField('password', Object(ChangePasswordForm), 'password', Array)
#3 /var/www/html/framework/web/widgets/CActiveForm.php(839): CHtml::activePasswordField(Object(ChangePasswordForm), 'password', Array)
#4 /var/www/html/salestracker/protected/views/user/register.php(45): CActiveForm->passwordField(Object(ChangePasswordForm), 'password')
#5 /var/www/html/framework/web/CBaseController.php(126): require('/var/www/html/s...')
#6 /var/www/html/framework/web/CBaseController.php(95): CBaseController->renderInternal('/var/www/html/s...', Array, true)
#7 /var/www/html/framework/web/CController.php(872): CBaseController->renderFile('/var/www/html/s...', Array, true)
#8 /var/www/html/framework/web/CController.php(785): CController->renderPartial('register', Array, true)
#9 /var/www/html/salestracker/protected/controllers/user/ChangePasswordAction.php(21): CController->render('register', Array)
#10 /var/www/html/framework/web/actions/CAction.php(76): ChangePasswordAction->run()
#11 /var/www/html/framework/web/CController.php(308): CAction->runWithParams(Array)
#12 /var/www/html/framework/web/CController.php(286): CController->runAction(Object(ChangePasswordAction))
#13 /var/www/html/framework/web/CController.php(265): CController->runActionWithFilters(Object(ChangePasswordAction), Array)
#14 /var/www/html/framework/web/CWebApplication.php(282): CController->run('changePassword')
#15 /var/www/html/framework/web/CWebApplication.php(141): CWebApplication->runController('user/changePass...')
#16 /var/www/html/framework/base/CApplication.php(185): CWebApplication->processRequest()
#17 /var/www/html/salestracker/index.php(13): CApplication->run()
#18 {main}
REQUEST_URI=/salestracker/index.php?r=user/changePassword
HTTP_REFERER=http://salestracker:82/salestracker/index.php
---
2023/12/12 12:02:22 [error] [exception.CException] CException: Property "ChangePasswordForm.password" is not defined. in /var/www/html/framework/base/CComponent.php:130
Stack trace:
#0 /var/www/html/framework/web/helpers/CHtml.php(2784): CComponent->__get('password')
#1 /var/www/html/framework/web/helpers/CHtml.php(2507): CHtml::resolveValue(Object(ChangePasswordForm), 'password')
#2 /var/www/html/framework/web/helpers/CHtml.php(1828): CHtml::activeInputField('password', Object(ChangePasswordForm), 'password', Array)
#3 /var/www/html/framework/web/widgets/CActiveForm.php(839): CHtml::activePasswordField(Object(ChangePasswordForm), 'password', Array)
#4 /var/www/html/salestracker/protected/views/user/register.php(45): CActiveForm->passwordField(Object(ChangePasswordForm), 'password')
#5 /var/www/html/framework/web/CBaseController.php(126): require('/var/www/html/s...')
#6 /var/www/html/framework/web/CBaseController.php(95): CBaseController->renderInternal('/var/www/html/s...', Array, true)
#7 /var/www/html/framework/web/CController.php(872): CBaseController->renderFile('/var/www/html/s...', Array, true)
#8 /var/www/html/framework/web/CController.php(785): CController->renderPartial('register', Array, true)
#9 /var/www/html/salestracker/protected/controllers/user/ChangePasswordAction.php(21): CController->render('register', Array)
#10 /var/www/html/framework/web/actions/CAction.php(76): ChangePasswordAction->run()
#11 /var/www/html/framework/web/CController.php(308): CAction->runWithParams(Array)
#12 /var/www/html/framework/web/CController.php(286): CController->runAction(Object(ChangePasswordAction))
#13 /var/www/html/framework/web/CController.php(265): CController->runActionWithFilters(Object(ChangePasswordAction), Array)
#14 /var/www/html/framework/web/CWebApplication.php(282): CController->run('changePassword')
#15 /var/www/html/framework/web/CWebApplication.php(141): CWebApplication->runController('user/changePass...')
#16 /var/www/html/framework/base/CApplication.php(185): CWebApplication->processRequest()
#17 /var/www/html/salestracker/index.php(13): CApplication->run()
#18 {main}
REQUEST_URI=/salestracker/index.php?r=user/changePassword
HTTP_REFERER=http://salestracker:82/salestracker/index.php
---
2023/12/12 12:03:36 [error] [exception.CException] CException: Property "ChangePasswordForm.password" is not defined. in /var/www/html/framework/base/CComponent.php:130
Stack trace:
#0 /var/www/html/framework/web/helpers/CHtml.php(2784): CComponent->__get('password')
#1 /var/www/html/framework/web/helpers/CHtml.php(2507): CHtml::resolveValue(Object(ChangePasswordForm), 'password')
#2 /var/www/html/framework/web/helpers/CHtml.php(1828): CHtml::activeInputField('password', Object(ChangePasswordForm), 'password', Array)
#3 /var/www/html/framework/web/widgets/CActiveForm.php(839): CHtml::activePasswordField(Object(ChangePasswordForm), 'password', Array)
#4 /var/www/html/salestracker/protected/views/user/register.php(45): CActiveForm->passwordField(Object(ChangePasswordForm), 'password')
#5 /var/www/html/framework/web/CBaseController.php(126): require('/var/www/html/s...')
#6 /var/www/html/framework/web/CBaseController.php(95): CBaseController->renderInternal('/var/www/html/s...', Array, true)
#7 /var/www/html/framework/web/CController.php(872): CBaseController->renderFile('/var/www/html/s...', Array, true)
#8 /var/www/html/framework/web/CController.php(785): CController->renderPartial('register', Array, true)
#9 /var/www/html/salestracker/protected/controllers/user/ChangePasswordAction.php(21): CController->render('register', Array)
#10 /var/www/html/framework/web/actions/CAction.php(76): ChangePasswordAction->run()
#11 /var/www/html/framework/web/CController.php(308): CAction->runWithParams(Array)
#12 /var/www/html/framework/web/CController.php(286): CController->runAction(Object(ChangePasswordAction))
#13 /var/www/html/framework/web/CController.php(265): CController->runActionWithFilters(Object(ChangePasswordAction), Array)
#14 /var/www/html/framework/web/CWebApplication.php(282): CController->run('changePassword')
#15 /var/www/html/framework/web/CWebApplication.php(141): CWebApplication->runController('user/changePass...')
#16 /var/www/html/framework/base/CApplication.php(185): CWebApplication->processRequest()
#17 /var/www/html/salestracker/index.php(13): CApplication->run()
#18 {main}
REQUEST_URI=/salestracker/index.php?r=user/changePassword
HTTP_REFERER=http://salestracker:82/salestracker/index.php
---
2023/12/12 12:05:17 [error] [exception.CException] CException: Property "ChangePasswordForm.password" is not defined. in /var/www/html/framework/base/CComponent.php:130
Stack trace:
#0 /var/www/html/framework/web/helpers/CHtml.php(2784): CComponent->__get('password')
#1 /var/www/html/framework/web/helpers/CHtml.php(2507): CHtml::resolveValue(Object(ChangePasswordForm), 'password')
#2 /var/www/html/framework/web/helpers/CHtml.php(1828): CHtml::activeInputField('password', Object(ChangePasswordForm), 'password', Array)
#3 /var/www/html/framework/web/widgets/CActiveForm.php(839): CHtml::activePasswordField(Object(ChangePasswordForm), 'password', Array)
#4 /var/www/html/salestracker/protected/views/user/register.php(45): CActiveForm->passwordField(Object(ChangePasswordForm), 'password')
#5 /var/www/html/framework/web/CBaseController.php(126): require('/var/www/html/s...')
#6 /var/www/html/framework/web/CBaseController.php(95): CBaseController->renderInternal('/var/www/html/s...', Array, true)
#7 /var/www/html/framework/web/CController.php(872): CBaseController->renderFile('/var/www/html/s...', Array, true)
#8 /var/www/html/framework/web/CController.php(785): CController->renderPartial('register', Array, true)
#9 /var/www/html/salestracker/protected/controllers/user/ChangePasswordAction.php(21): CController->render('register', Array)
#10 /var/www/html/framework/web/actions/CAction.php(76): ChangePasswordAction->run()
#11 /var/www/html/framework/web/CController.php(308): CAction->runWithParams(Array)
#12 /var/www/html/framework/web/CController.php(286): CController->runAction(Object(ChangePasswordAction))
#13 /var/www/html/framework/web/CController.php(265): CController->runActionWithFilters(Object(ChangePasswordAction), Array)
#14 /var/www/html/framework/web/CWebApplication.php(282): CController->run('changePassword')
#15 /var/www/html/framework/web/CWebApplication.php(141): CWebApplication->runController('user/changePass...')
#16 /var/www/html/framework/base/CApplication.php(185): CWebApplication->processRequest()
#17 /var/www/html/salestracker/index.php(13): CApplication->run()
#18 {main}
REQUEST_URI=/salestracker/index.php?r=user/changePassword
HTTP_REFERER=http://salestracker:82/salestracker/index.php
---
2023/12/12 12:05:34 [error] [exception.CException] CException: UserController contains improperly nested widget tags in its view "/var/www/html/salestracker/protected/views/user/changePassword.php". A CActiveForm widget does not have an endWidget() call. in /var/www/html/framework/web/CBaseController.php:101
Stack trace:
#0 /var/www/html/framework/web/CController.php(872): CBaseController->renderFile('/var/www/html/s...', Array, true)
#1 /var/www/html/framework/web/CController.php(785): CController->renderPartial('changePassword', Array, true)
#2 /var/www/html/salestracker/protected/controllers/user/ChangePasswordAction.php(21): CController->render('changePassword', Array)
#3 /var/www/html/framework/web/actions/CAction.php(76): ChangePasswordAction->run()
#4 /var/www/html/framework/web/CController.php(308): CAction->runWithParams(Array)
#5 /var/www/html/framework/web/CController.php(286): CController->runAction(Object(ChangePasswordAction))
#6 /var/www/html/framework/web/CController.php(265): CController->runActionWithFilters(Object(ChangePasswordAction), Array)
#7 /var/www/html/framework/web/CWebApplication.php(282): CController->run('changePassword')
#8 /var/www/html/framework/web/CWebApplication.php(141): CWebApplication->runController('user/changePass...')
#9 /var/www/html/framework/base/CApplication.php(185): CWebApplication->processRequest()
#10 /var/www/html/salestracker/index.php(13): CApplication->run()
#11 {main}
REQUEST_URI=/salestracker/index.php?r=user/changePassword
HTTP_REFERER=http://salestracker:82/salestracker/index.php
---
2023/12/12 12:06:31 [error] [exception.CException] CException: UserController contains improperly nested widget tags in its view "/var/www/html/salestracker/protected/views/user/changePassword.php". A CActiveForm widget does not have an endWidget() call. in /var/www/html/framework/web/CBaseController.php:101
Stack trace:
#0 /var/www/html/framework/web/CController.php(872): CBaseController->renderFile('/var/www/html/s...', Array, true)
#1 /var/www/html/framework/web/CController.php(785): CController->renderPartial('changePassword', Array, true)
#2 /var/www/html/salestracker/protected/controllers/user/ChangePasswordAction.php(21): CController->render('changePassword', Array)
#3 /var/www/html/framework/web/actions/CAction.php(76): ChangePasswordAction->run()
#4 /var/www/html/framework/web/CController.php(308): CAction->runWithParams(Array)
#5 /var/www/html/framework/web/CController.php(286): CController->runAction(Object(ChangePasswordAction))
#6 /var/www/html/framework/web/CController.php(265): CController->runActionWithFilters(Object(ChangePasswordAction), Array)
#7 /var/www/html/framework/web/CWebApplication.php(282): CController->run('changePassword')
#8 /var/www/html/framework/web/CWebApplication.php(141): CWebApplication->runController('user/changePass...')
#9 /var/www/html/framework/base/CApplication.php(185): CWebApplication->processRequest()
#10 /var/www/html/salestracker/index.php(13): CApplication->run()
#11 {main}
REQUEST_URI=/salestracker/index.php?r=user/changePassword
HTTP_REFERER=http://salestracker:82/salestracker/index.php
---
2023/12/12 13:07:47 [error] [system.db.CDbCommand] CDbCommand::execute() failed: SQLSTATE[42S01]: Base table or view already exists: 1050 Table 'user' already exists. The SQL statement executed was: CREATE TABLE `user` (
	`id` int(11) NOT NULL AUTO_INCREMENT PRIMARY KEY,
	`firstname` varchar(255),
	`lastname` varchar(255),
	`birth` date,
	`email` varchar(255) NOT NULL,
	`password` varchar(255) NOT NULL,
	`datePassword` date,
	`created` datetime,
	`updated` datetime,
	`deleted` datetime
).
2023/12/12 13:07:47 [error] [exception.CDbException] CDbException: CDbCommand failed to execute the SQL statement: SQLSTATE[42S01]: Base table or view already exists: 1050 Table 'user' already exists. The SQL statement executed was: CREATE TABLE `user` (
	`id` int(11) NOT NULL AUTO_INCREMENT PRIMARY KEY,
	`firstname` varchar(255),
	`lastname` varchar(255),
	`birth` date,
	`email` varchar(255) NOT NULL,
	`password` varchar(255) NOT NULL,
	`datePassword` date,
	`created` datetime,
	`updated` datetime,
	`deleted` datetime
) in /var/www/html/framework/db/CDbCommand.php:358
Stack trace:
#0 /var/www/html/framework/db/CDbCommand.php(1352): CDbCommand->execute()
#1 /var/www/html/framework/db/CDbMigration.php(250): CDbCommand->createTable('user', Array, NULL)
#2 /var/www/html/salestracker/protected/migrations/m231211_163840_create_user_table.php(8): CDbMigration->createTable('user', Array)
#3 /var/www/html/framework/cli/commands/MigrateCommand.php(415): m231211_163840_create_user_table->up()
#4 /var/www/html/framework/cli/commands/MigrateCommand.php(109): MigrateCommand->migrateUp('m231211_163840_...')
#5 [internal function]: MigrateCommand->actionUp(Array)
#6 /var/www/html/framework/console/CConsoleCommand.php(177): ReflectionMethod->invokeArgs(Object(MigrateCommand), Array)
#7 /var/www/html/framework/console/CConsoleCommandRunner.php(71): CConsoleCommand->run(Array)
#8 /var/www/html/framework/console/CConsoleApplication.php(92): CConsoleCommandRunner->run(Array)
#9 /var/www/html/framework/base/CApplication.php(185): CConsoleApplication->processRequest()
#10 /var/www/html/framework/yiic.php(33): CApplication->run()
#11 /var/www/html/salestracker/protected/yiic.php(7): require_once('/var/www/html/f...')
#12 /var/www/html/salestracker/protected/yiic(4): require_once('/var/www/html/s...')
#13 {main}
---
2023/12/12 13:08:40 [error] [system.db.CDbCommand] CDbCommand::fetchAll() failed: SQLSTATE[42S02]: Base table or view not found: 1146 Table 'service_salestracker_user.tbl_migration' doesn't exist. The SQL statement executed was: SHOW FULL COLUMNS FROM `tbl_migration`.
2023/12/12 13:15:29 [warning] [system.web.CHttpSession] Failed to start session.
in /var/www/html/salestracker/protected/controllers/user/ChangePasswordAction.php (12)
in /var/www/html/salestracker/index.php (13)
2023/12/12 13:15:29 [warning] [system.web.CHttpSession] Failed to start session.
in /var/www/html/salestracker/protected/controllers/user/ChangePasswordAction.php (12)
in /var/www/html/salestracker/index.php (13)
2023/12/12 13:16:36 [warning] [system.web.CHttpSession] Failed to start session.
in /var/www/html/salestracker/protected/controllers/user/ChangePasswordAction.php (12)
in /var/www/html/salestracker/index.php (13)
2023/12/12 13:16:36 [warning] [system.web.CHttpSession] Failed to start session.
in /var/www/html/salestracker/protected/controllers/user/ChangePasswordAction.php (12)
in /var/www/html/salestracker/index.php (13)
2023/12/12 13:16:36 [error] [exception.CException] CException: Property "CWebUser.firstname" is not defined. in /var/www/html/framework/base/CComponent.php:130
Stack trace:
#0 /var/www/html/framework/web/auth/CWebUser.php(146): CComponent->__get('firstname')
#1 /var/www/html/salestracker/protected/controllers/user/ChangePasswordAction.php(12): CWebUser->__get('firstname')
#2 /var/www/html/framework/web/actions/CAction.php(76): ChangePasswordAction->run()
#3 /var/www/html/framework/web/CController.php(308): CAction->runWithParams(Array)
#4 /var/www/html/framework/web/CController.php(286): CController->runAction(Object(ChangePasswordAction))
#5 /var/www/html/framework/web/CController.php(265): CController->runActionWithFilters(Object(ChangePasswordAction), Array)
#6 /var/www/html/framework/web/CWebApplication.php(282): CController->run('changePassword')
#7 /var/www/html/framework/web/CWebApplication.php(141): CWebApplication->runController('user/changePass...')
#8 /var/www/html/framework/base/CApplication.php(185): CWebApplication->processRequest()
#9 /var/www/html/salestracker/index.php(13): CApplication->run()
#10 {main}
REQUEST_URI=/salestracker/index.php?r=user/changePassword
HTTP_REFERER=http://salestracker:82/salestracker/index.php?r=user/changePassword
---
2023/12/12 13:16:50 [warning] [system.web.CHttpSession] Failed to start session.
in /var/www/html/salestracker/protected/controllers/user/ChangePasswordAction.php (12)
in /var/www/html/salestracker/index.php (13)
2023/12/12 13:16:50 [warning] [system.web.CHttpSession] Failed to start session.
in /var/www/html/salestracker/protected/controllers/user/ChangePasswordAction.php (12)
in /var/www/html/salestracker/index.php (13)
2023/12/12 13:17:31 [warning] [system.web.CHttpSession] Failed to start session.
in /var/www/html/salestracker/protected/controllers/user/ChangePasswordAction.php (12)
in /var/www/html/salestracker/index.php (13)
2023/12/12 13:17:31 [warning] [system.web.CHttpSession] Failed to start session.
in /var/www/html/salestracker/protected/controllers/user/ChangePasswordAction.php (12)
in /var/www/html/salestracker/index.php (13)
2023/12/12 13:18:36 [warning] [system.web.CHttpSession] Failed to start session.
in /var/www/html/salestracker/protected/controllers/user/ChangePasswordAction.php (12)
in /var/www/html/salestracker/index.php (13)
2023/12/12 13:18:36 [warning] [system.web.CHttpSession] Failed to start session.
in /var/www/html/salestracker/protected/controllers/user/ChangePasswordAction.php (12)
in /var/www/html/salestracker/index.php (13)
2023/12/12 13:18:58 [warning] [system.web.CHttpSession] Failed to start session.
in /var/www/html/salestracker/protected/controllers/user/ChangePasswordAction.php (12)
in /var/www/html/salestracker/index.php (13)
2023/12/12 13:18:58 [warning] [system.web.CHttpSession] Failed to start session.
in /var/www/html/salestracker/protected/controllers/user/ChangePasswordAction.php (12)
in /var/www/html/salestracker/index.php (13)
2023/12/12 13:19:12 [warning] [system.web.CHttpSession] Failed to start session.
in /var/www/html/salestracker/protected/controllers/user/ChangePasswordAction.php (12)
in /var/www/html/salestracker/index.php (13)
2023/12/12 13:19:12 [warning] [system.web.CHttpSession] Failed to start session.
in /var/www/html/salestracker/protected/controllers/user/ChangePasswordAction.php (12)
in /var/www/html/salestracker/index.php (13)
2023/12/12 13:20:08 [warning] [system.web.CHttpSession] Failed to start session.
in /var/www/html/salestracker/protected/controllers/user/ChangePasswordAction.php (12)
in /var/www/html/salestracker/index.php (13)
2023/12/12 13:20:08 [warning] [system.web.CHttpSession] Failed to start session.
in /var/www/html/salestracker/protected/controllers/user/ChangePasswordAction.php (12)
in /var/www/html/salestracker/index.php (13)
2023/12/12 13:20:08 [error] [exception.CException] CException: Property "CWebUser.firstname" is not defined. in /var/www/html/framework/base/CComponent.php:130
Stack trace:
#0 /var/www/html/framework/web/auth/CWebUser.php(146): CComponent->__get('firstname')
#1 /var/www/html/salestracker/protected/controllers/user/ChangePasswordAction.php(12): CWebUser->__get('firstname')
#2 /var/www/html/framework/web/actions/CAction.php(76): ChangePasswordAction->run()
#3 /var/www/html/framework/web/CController.php(308): CAction->runWithParams(Array)
#4 /var/www/html/framework/web/CController.php(286): CController->runAction(Object(ChangePasswordAction))
#5 /var/www/html/framework/web/CController.php(265): CController->runActionWithFilters(Object(ChangePasswordAction), Array)
#6 /var/www/html/framework/web/CWebApplication.php(282): CController->run('changePassword')
#7 /var/www/html/framework/web/CWebApplication.php(141): CWebApplication->runController('user/changePass...')
#8 /var/www/html/framework/base/CApplication.php(185): CWebApplication->processRequest()
#9 /var/www/html/salestracker/index.php(13): CApplication->run()
#10 {main}
REQUEST_URI=/salestracker/index.php?r=user/changePassword
HTTP_REFERER=http://salestracker:82/salestracker/index.php?r=user/changePassword
---
2023/12/12 13:23:38 [warning] [system.web.CHttpSession] Failed to start session.
in /var/www/html/salestracker/protected/controllers/user/ChangePasswordAction.php (12)
in /var/www/html/salestracker/index.php (13)
2023/12/12 13:23:38 [warning] [system.web.CHttpSession] Failed to start session.
in /var/www/html/salestracker/protected/controllers/user/ChangePasswordAction.php (12)
in /var/www/html/salestracker/index.php (13)
2023/12/12 13:29:51 [error] [php] Undefined property: UserIdentity::$id (/var/www/html/framework/web/auth/CUserIdentity.php:69)
Stack trace:
#0 /var/www/html/framework/base/CComponent.php(111): UserIdentity->getId()
#1 /var/www/html/framework/web/auth/CUserIdentity.php(69): UserIdentity->__get()
#2 /var/www/html/framework/web/auth/CWebUser.php(231): UserIdentity->getId()
#3 /var/www/html/salestracker/protected/models/LoginForm.php(73): CWebUser->login()
#4 /var/www/html/salestracker/protected/controllers/user/LoginAction.php(14): LoginForm->login()
#5 /var/www/html/framework/web/actions/CAction.php(76): LoginAction->run()
#6 /var/www/html/framework/web/CController.php(308): LoginAction->runWithParams()
#7 /var/www/html/framework/web/CController.php(286): UserController->runAction()
#8 /var/www/html/framework/web/CController.php(265): UserController->runActionWithFilters()
#9 /var/www/html/framework/web/CWebApplication.php(282): UserController->run()
#10 /var/www/html/framework/web/CWebApplication.php(141): CWebApplication->runController()
#11 /var/www/html/framework/base/CApplication.php(185): CWebApplication->processRequest()
#12 /var/www/html/salestracker/index.php(13): CWebApplication->run()
REQUEST_URI=/salestracker/index.php?r=user/login
in /var/www/html/salestracker/protected/models/LoginForm.php (73)
in /var/www/html/salestracker/protected/controllers/user/LoginAction.php (14)
in /var/www/html/salestracker/index.php (13)
2023/12/12 13:41:59 [error] [exception.TypeError] TypeError: User::getFirstname(): Return value must be of type string, null returned in /var/www/html/salestracker/protected/models/User.php:42
Stack trace:
#0 /var/www/html/salestracker/protected/models/User.php(133): User->getFirstname()
#1 /var/www/html/salestracker/protected/controllers/user/ChangePasswordAction.php(11): User->isNewPasswordIsDifferentFromCurrent(1)
#2 /var/www/html/framework/web/actions/CAction.php(76): ChangePasswordAction->run()
#3 /var/www/html/framework/web/CController.php(308): CAction->runWithParams(Array)
#4 /var/www/html/framework/web/CController.php(286): CController->runAction(Object(ChangePasswordAction))
#5 /var/www/html/framework/web/CController.php(265): CController->runActionWithFilters(Object(ChangePasswordAction), Array)
#6 /var/www/html/framework/web/CWebApplication.php(282): CController->run('changePassword')
#7 /var/www/html/framework/web/CWebApplication.php(141): CWebApplication->runController('user/changePass...')
#8 /var/www/html/framework/base/CApplication.php(185): CWebApplication->processRequest()
#9 /var/www/html/salestracker/index.php(13): CApplication->run()
#10 {main}
REQUEST_URI=/salestracker/index.php?r=user/changePassword
HTTP_REFERER=http://salestracker:82/salestracker/index.php?r=user/changePassword
---
2023/12/12 13:45:12 [error] [exception.ArgumentCountError] ArgumentCountError: Too few arguments to function User::isNewPasswordIsDifferentFromCurrent(), 1 passed in /var/www/html/salestracker/protected/controllers/user/ChangePasswordAction.php on line 11 and exactly 2 expected in /var/www/html/salestracker/protected/models/User.php:130
Stack trace:
#0 /var/www/html/salestracker/protected/controllers/user/ChangePasswordAction.php(11): User->isNewPasswordIsDifferentFromCurrent(1)
#1 /var/www/html/framework/web/actions/CAction.php(76): ChangePasswordAction->run()
#2 /var/www/html/framework/web/CController.php(308): CAction->runWithParams(Array)
#3 /var/www/html/framework/web/CController.php(286): CController->runAction(Object(ChangePasswordAction))
#4 /var/www/html/framework/web/CController.php(265): CController->runActionWithFilters(Object(ChangePasswordAction), Array)
#5 /var/www/html/framework/web/CWebApplication.php(282): CController->run('changePassword')
#6 /var/www/html/framework/web/CWebApplication.php(141): CWebApplication->runController('user/changePass...')
#7 /var/www/html/framework/base/CApplication.php(185): CWebApplication->processRequest()
#8 /var/www/html/salestracker/index.php(13): CApplication->run()
#9 {main}
REQUEST_URI=/salestracker/index.php?r=user/changePassword
HTTP_REFERER=http://salestracker:82/salestracker/index.php?r=user/changePassword
---
2023/12/12 13:54:28 [error] [exception.CException] CException: Property "ChangePasswordForm.newpassword" is not defined. in /var/www/html/framework/base/CComponent.php:130
Stack trace:
#0 /var/www/html/salestracker/protected/controllers/user/ChangePasswordAction.php(17): CComponent->__get('newpassword')
#1 /var/www/html/framework/web/actions/CAction.php(76): ChangePasswordAction->run()
#2 /var/www/html/framework/web/CController.php(308): CAction->runWithParams(Array)
#3 /var/www/html/framework/web/CController.php(286): CController->runAction(Object(ChangePasswordAction))
#4 /var/www/html/framework/web/CController.php(265): CController->runActionWithFilters(Object(ChangePasswordAction), Array)
#5 /var/www/html/framework/web/CWebApplication.php(282): CController->run('changePassword')
#6 /var/www/html/framework/web/CWebApplication.php(141): CWebApplication->runController('user/changePass...')
#7 /var/www/html/framework/base/CApplication.php(185): CWebApplication->processRequest()
#8 /var/www/html/salestracker/index.php(13): CApplication->run()
#9 {main}
REQUEST_URI=/salestracker/index.php?r=user/changePassword
HTTP_REFERER=http://salestracker:82/salestracker/index.php?r=user/changePassword
---
2023/12/12 14:11:55 [error] [exception.CException] CException: CWebUser and its behaviors do not have a method or closure named "getDatePassword". in /var/www/html/framework/base/CComponent.php:264
Stack trace:
#0 /var/www/html/salestracker/protected/controllers/user/LoginAction.php(16): CComponent->__call('getDatePassword', Array)
#1 /var/www/html/framework/web/actions/CAction.php(76): LoginAction->run()
#2 /var/www/html/framework/web/CController.php(308): CAction->runWithParams(Array)
#3 /var/www/html/framework/web/CController.php(286): CController->runAction(Object(LoginAction))
#4 /var/www/html/framework/web/CController.php(265): CController->runActionWithFilters(Object(LoginAction), Array)
#5 /var/www/html/framework/web/CWebApplication.php(282): CController->run('login')
#6 /var/www/html/framework/web/CWebApplication.php(141): CWebApplication->runController('user/login')
#7 /var/www/html/framework/base/CApplication.php(185): CWebApplication->processRequest()
#8 /var/www/html/salestracker/index.php(13): CApplication->run()
#9 {main}
REQUEST_URI=/salestracker/index.php?r=user/login
HTTP_REFERER=http://salestracker:82/salestracker/index.php?r=user/login
---
2023/12/12 14:11:57 [error] [exception.CException] CException: CWebUser and its behaviors do not have a method or closure named "getDatePassword". in /var/www/html/framework/base/CComponent.php:264
Stack trace:
#0 /var/www/html/salestracker/protected/controllers/user/LoginAction.php(16): CComponent->__call('getDatePassword', Array)
#1 /var/www/html/framework/web/actions/CAction.php(76): LoginAction->run()
#2 /var/www/html/framework/web/CController.php(308): CAction->runWithParams(Array)
#3 /var/www/html/framework/web/CController.php(286): CController->runAction(Object(LoginAction))
#4 /var/www/html/framework/web/CController.php(265): CController->runActionWithFilters(Object(LoginAction), Array)
#5 /var/www/html/framework/web/CWebApplication.php(282): CController->run('login')
#6 /var/www/html/framework/web/CWebApplication.php(141): CWebApplication->runController('user/login')
#7 /var/www/html/framework/base/CApplication.php(185): CWebApplication->processRequest()
#8 /var/www/html/salestracker/index.php(13): CApplication->run()
#9 {main}
REQUEST_URI=/salestracker/index.php?r=user/login
HTTP_REFERER=http://salestracker:82/salestracker/index.php?r=user/login
---
2023/12/12 14:13:52 [error] [exception.CException] CException: CWebUser and its behaviors do not have a method or closure named "getDatePassword". in /var/www/html/framework/base/CComponent.php:264
Stack trace:
#0 /var/www/html/salestracker/protected/controllers/user/LoginAction.php(16): CComponent->__call('getDatePassword', Array)
#1 /var/www/html/framework/web/actions/CAction.php(76): LoginAction->run()
#2 /var/www/html/framework/web/CController.php(308): CAction->runWithParams(Array)
#3 /var/www/html/framework/web/CController.php(286): CController->runAction(Object(LoginAction))
#4 /var/www/html/framework/web/CController.php(265): CController->runActionWithFilters(Object(LoginAction), Array)
#5 /var/www/html/framework/web/CWebApplication.php(282): CController->run('login')
#6 /var/www/html/framework/web/CWebApplication.php(141): CWebApplication->runController('user/login')
#7 /var/www/html/framework/base/CApplication.php(185): CWebApplication->processRequest()
#8 /var/www/html/salestracker/index.php(13): CApplication->run()
#9 {main}
REQUEST_URI=/salestracker/index.php?r=user/login
HTTP_REFERER=http://salestracker:82/salestracker/index.php?r=user/login
---
2023/12/12 14:22:45 [error] [exception.ArgumentCountError] ArgumentCountError: Too few arguments to function User::isUserMustChangePassword(), 0 passed in /var/www/html/salestracker/protected/controllers/user/LoginAction.php on line 15 and exactly 1 expected in /var/www/html/salestracker/protected/models/User.php:137
Stack trace:
#0 /var/www/html/salestracker/protected/controllers/user/LoginAction.php(15): User->isUserMustChangePassword()
#1 /var/www/html/framework/web/actions/CAction.php(76): LoginAction->run()
#2 /var/www/html/framework/web/CController.php(308): CAction->runWithParams(Array)
#3 /var/www/html/framework/web/CController.php(286): CController->runAction(Object(LoginAction))
#4 /var/www/html/framework/web/CController.php(265): CController->runActionWithFilters(Object(LoginAction), Array)
#5 /var/www/html/framework/web/CWebApplication.php(282): CController->run('login')
#6 /var/www/html/framework/web/CWebApplication.php(141): CWebApplication->runController('user/login')
#7 /var/www/html/framework/base/CApplication.php(185): CWebApplication->processRequest()
#8 /var/www/html/salestracker/index.php(13): CApplication->run()
#9 {main}
REQUEST_URI=/salestracker/index.php?r=user/login
HTTP_REFERER=http://salestracker:82/salestracker/index.php?r=user/login
---
2023/12/12 14:23:49 [error] [exception.CHttpException.404] CHttpException: Unable to resolve the request "users/changePassword". in /var/www/html/framework/web/CWebApplication.php:286
Stack trace:
#0 /var/www/html/framework/web/CWebApplication.php(141): CWebApplication->runController('users/changePas...')
#1 /var/www/html/framework/base/CApplication.php(185): CWebApplication->processRequest()
#2 /var/www/html/salestracker/index.php(13): CApplication->run()
#3 {main}
REQUEST_URI=/salestracker/index.php?r=users/changePassword
HTTP_REFERER=http://salestracker:82/salestracker/index.php?r=user/login
---
2023/12/12 14:23:59 [error] [exception.CHttpException.404] CHttpException: Unable to resolve the request "users/changePassword". in /var/www/html/framework/web/CWebApplication.php:286
Stack trace:
#0 /var/www/html/framework/web/CWebApplication.php(141): CWebApplication->runController('users/changePas...')
#1 /var/www/html/framework/base/CApplication.php(185): CWebApplication->processRequest()
#2 /var/www/html/salestracker/index.php(13): CApplication->run()
#3 {main}
REQUEST_URI=/salestracker/index.php?r=users/changePassword
HTTP_REFERER=http://salestracker:82/salestracker/index.php?r=user/login
---
2023/12/12 14:24:01 [error] [exception.CHttpException.404] CHttpException: Unable to resolve the request "users/changePassword". in /var/www/html/framework/web/CWebApplication.php:286
Stack trace:
#0 /var/www/html/framework/web/CWebApplication.php(141): CWebApplication->runController('users/changePas...')
#1 /var/www/html/framework/base/CApplication.php(185): CWebApplication->processRequest()
#2 /var/www/html/salestracker/index.php(13): CApplication->run()
#3 {main}
REQUEST_URI=/salestracker/index.php?r=users/changePassword
HTTP_REFERER=http://salestracker:82/salestracker/index.php?r=user/login
---
2023/12/12 14:37:39 [error] [exception.CException] CException: Filter "application.components.ChangePasswordFilter" is invalid. Controller "UserController" does not have the filter method "filterapplication.components.ChangePasswordFilter". in /var/www/html/framework/web/filters/CInlineFilter.php:46
Stack trace:
#0 /var/www/html/framework/web/filters/CFilterChain.php(73): CInlineFilter::create(Object(UserController), 'application.com...')
#1 /var/www/html/framework/web/CController.php(291): CFilterChain::create(Object(UserController), Object(ListAction), Array)
#2 /var/www/html/framework/web/CController.php(265): CController->runActionWithFilters(Object(ListAction), Array)
#3 /var/www/html/framework/web/CWebApplication.php(282): CController->run('list')
#4 /var/www/html/framework/web/CWebApplication.php(141): CWebApplication->runController('user/list')
#5 /var/www/html/framework/base/CApplication.php(185): CWebApplication->processRequest()
#6 /var/www/html/salestracker/index.php(13): CApplication->run()
#7 {main}
REQUEST_URI=/salestracker/index.php?r=user/list
HTTP_REFERER=http://salestracker:82/salestracker/index.php?r=user/changePassword
---
2023/12/12 14:38:11 [error] [exception.CException] CException: Filter "application.components.ChangePasswordFilter" is invalid. Controller "UserController" does not have the filter method "filterapplication.components.ChangePasswordFilter". in /var/www/html/framework/web/filters/CInlineFilter.php:46
Stack trace:
#0 /var/www/html/framework/web/filters/CFilterChain.php(73): CInlineFilter::create(Object(UserController), 'application.com...')
#1 /var/www/html/framework/web/CController.php(291): CFilterChain::create(Object(UserController), Object(ChangePasswordAction), Array)
#2 /var/www/html/framework/web/CController.php(265): CController->runActionWithFilters(Object(ChangePasswordAction), Array)
#3 /var/www/html/framework/web/CWebApplication.php(282): CController->run('changePassword')
#4 /var/www/html/framework/web/CWebApplication.php(141): CWebApplication->runController('user/changePass...')
#5 /var/www/html/framework/base/CApplication.php(185): CWebApplication->processRequest()
#6 /var/www/html/salestracker/index.php(13): CApplication->run()
#7 {main}
REQUEST_URI=/salestracker/index.php?r=user/changePassword
HTTP_REFERER=http://salestracker:82/salestracker/index.php?r=user/list
---
2023/12/12 14:38:15 [error] [exception.CException] CException: Filter "application.components.ChangePasswordFilter" is invalid. Controller "UserController" does not have the filter method "filterapplication.components.ChangePasswordFilter". in /var/www/html/framework/web/filters/CInlineFilter.php:46
Stack trace:
#0 /var/www/html/framework/web/filters/CFilterChain.php(73): CInlineFilter::create(Object(UserController), 'application.com...')
#1 /var/www/html/framework/web/CController.php(291): CFilterChain::create(Object(UserController), Object(LogoutAction), Array)
#2 /var/www/html/framework/web/CController.php(265): CController->runActionWithFilters(Object(LogoutAction), Array)
#3 /var/www/html/framework/web/CWebApplication.php(282): CController->run('logout')
#4 /var/www/html/framework/web/CWebApplication.php(141): CWebApplication->runController('user/logout')
#5 /var/www/html/framework/base/CApplication.php(185): CWebApplication->processRequest()
#6 /var/www/html/salestracker/index.php(13): CApplication->run()
#7 {main}
REQUEST_URI=/salestracker/index.php?r=user/logout
HTTP_REFERER=http://salestracker:82/salestracker/index.php?r=site/page&view=about
---
2023/12/12 14:41:29 [error] [exception.CException] CException: Filter "application.components.ChangePasswordFilter" is invalid. Controller "UserController" does not have the filter method "filterapplication.components.ChangePasswordFilter". in /var/www/html/framework/web/filters/CInlineFilter.php:46
Stack trace:
#0 /var/www/html/framework/web/filters/CFilterChain.php(73): CInlineFilter::create(Object(UserController), 'application.com...')
#1 /var/www/html/framework/web/CController.php(291): CFilterChain::create(Object(UserController), Object(LogoutAction), Array)
#2 /var/www/html/framework/web/CController.php(265): CController->runActionWithFilters(Object(LogoutAction), Array)
#3 /var/www/html/framework/web/CWebApplication.php(282): CController->run('logout')
#4 /var/www/html/framework/web/CWebApplication.php(141): CWebApplication->runController('user/logout')
#5 /var/www/html/framework/base/CApplication.php(185): CWebApplication->processRequest()
#6 /var/www/html/salestracker/index.php(13): CApplication->run()
#7 {main}
REQUEST_URI=/salestracker/index.php?r=user/logout
HTTP_REFERER=http://salestracker:82/salestracker/index.php?r=site/page&view=about
---
2023/12/12 14:41:30 [error] [exception.CException] CException: Filter "application.components.ChangePasswordFilter" is invalid. Controller "UserController" does not have the filter method "filterapplication.components.ChangePasswordFilter". in /var/www/html/framework/web/filters/CInlineFilter.php:46
Stack trace:
#0 /var/www/html/framework/web/filters/CFilterChain.php(73): CInlineFilter::create(Object(UserController), 'application.com...')
#1 /var/www/html/framework/web/CController.php(291): CFilterChain::create(Object(UserController), Object(LogoutAction), Array)
#2 /var/www/html/framework/web/CController.php(265): CController->runActionWithFilters(Object(LogoutAction), Array)
#3 /var/www/html/framework/web/CWebApplication.php(282): CController->run('logout')
#4 /var/www/html/framework/web/CWebApplication.php(141): CWebApplication->runController('user/logout')
#5 /var/www/html/framework/base/CApplication.php(185): CWebApplication->processRequest()
#6 /var/www/html/salestracker/index.php(13): CApplication->run()
#7 {main}
REQUEST_URI=/salestracker/index.php?r=user/logout
HTTP_REFERER=http://salestracker:82/salestracker/index.php?r=site/page&view=about
---
2023/12/12 14:41:37 [error] [exception.CException] CException: Filter "application.components.ChangePasswordFilter" is invalid. Controller "UserController" does not have the filter method "filterapplication.components.ChangePasswordFilter". in /var/www/html/framework/web/filters/CInlineFilter.php:46
Stack trace:
#0 /var/www/html/framework/web/filters/CFilterChain.php(73): CInlineFilter::create(Object(UserController), 'application.com...')
#1 /var/www/html/framework/web/CController.php(291): CFilterChain::create(Object(UserController), Object(LogoutAction), Array)
#2 /var/www/html/framework/web/CController.php(265): CController->runActionWithFilters(Object(LogoutAction), Array)
#3 /var/www/html/framework/web/CWebApplication.php(282): CController->run('logout')
#4 /var/www/html/framework/web/CWebApplication.php(141): CWebApplication->runController('user/logout')
#5 /var/www/html/framework/base/CApplication.php(185): CWebApplication->processRequest()
#6 /var/www/html/salestracker/index.php(13): CApplication->run()
#7 {main}
REQUEST_URI=/salestracker/index.php?r=user/logout
HTTP_REFERER=http://salestracker:82/salestracker/index.php?r=site/page&view=about
---
2023/12/12 14:41:38 [error] [exception.CException] CException: Filter "application.components.ChangePasswordFilter" is invalid. Controller "UserController" does not have the filter method "filterapplication.components.ChangePasswordFilter". in /var/www/html/framework/web/filters/CInlineFilter.php:46
Stack trace:
#0 /var/www/html/framework/web/filters/CFilterChain.php(73): CInlineFilter::create(Object(UserController), 'application.com...')
#1 /var/www/html/framework/web/CController.php(291): CFilterChain::create(Object(UserController), Object(LogoutAction), Array)
#2 /var/www/html/framework/web/CController.php(265): CController->runActionWithFilters(Object(LogoutAction), Array)
#3 /var/www/html/framework/web/CWebApplication.php(282): CController->run('logout')
#4 /var/www/html/framework/web/CWebApplication.php(141): CWebApplication->runController('user/logout')
#5 /var/www/html/framework/base/CApplication.php(185): CWebApplication->processRequest()
#6 /var/www/html/salestracker/index.php(13): CApplication->run()
#7 {main}
REQUEST_URI=/salestracker/index.php?r=user/logout
HTTP_REFERER=http://salestracker:82/salestracker/index.php?r=site/page&view=about
---
2023/12/12 14:41:41 [error] [exception.CException] CException: Filter "application.components.ChangePasswordFilter" is invalid. Controller "UserController" does not have the filter method "filterapplication.components.ChangePasswordFilter". in /var/www/html/framework/web/filters/CInlineFilter.php:46
Stack trace:
#0 /var/www/html/framework/web/filters/CFilterChain.php(73): CInlineFilter::create(Object(UserController), 'application.com...')
#1 /var/www/html/framework/web/CController.php(291): CFilterChain::create(Object(UserController), Object(LogoutAction), Array)
#2 /var/www/html/framework/web/CController.php(265): CController->runActionWithFilters(Object(LogoutAction), Array)
#3 /var/www/html/framework/web/CWebApplication.php(282): CController->run('logout')
#4 /var/www/html/framework/web/CWebApplication.php(141): CWebApplication->runController('user/logout')
#5 /var/www/html/framework/base/CApplication.php(185): CWebApplication->processRequest()
#6 /var/www/html/salestracker/index.php(13): CApplication->run()
#7 {main}
REQUEST_URI=/salestracker/index.php?r=user/logout
HTTP_REFERER=http://salestracker:82/salestracker/index.php?r=site/page&view=about
---
2023/12/12 14:42:25 [error] [exception.CException] CException: Filter "application.components.ChangePasswordFilter" is invalid. Controller "UserController" does not have the filter method "filterapplication.components.ChangePasswordFilter". in /var/www/html/framework/web/filters/CInlineFilter.php:46
Stack trace:
#0 /var/www/html/framework/web/filters/CFilterChain.php(73): CInlineFilter::create(Object(UserController), 'application.com...')
#1 /var/www/html/framework/web/CController.php(291): CFilterChain::create(Object(UserController), Object(LoginAction), Array)
#2 /var/www/html/framework/web/CController.php(265): CController->runActionWithFilters(Object(LoginAction), Array)
#3 /var/www/html/framework/web/CWebApplication.php(282): CController->run('login')
#4 /var/www/html/framework/web/CWebApplication.php(141): CWebApplication->runController('user/login')
#5 /var/www/html/framework/base/CApplication.php(185): CWebApplication->processRequest()
#6 /var/www/html/salestracker/index.php(13): CApplication->run()
#7 {main}
REQUEST_URI=/salestracker/index.php?r=user/login
HTTP_REFERER=http://salestracker:82/salestracker/index.php
---
2023/12/12 14:43:36 [error] [exception.CException] CException: Filter "application.components.ChangePasswordFilter" is invalid. Controller "UserController" does not have the filter method "filterapplication.components.ChangePasswordFilter". in /var/www/html/framework/web/filters/CInlineFilter.php:46
Stack trace:
#0 /var/www/html/framework/web/filters/CFilterChain.php(73): CInlineFilter::create(Object(UserController), 'application.com...')
#1 /var/www/html/framework/web/CController.php(291): CFilterChain::create(Object(UserController), Object(LoginAction), Array)
#2 /var/www/html/framework/web/CController.php(265): CController->runActionWithFilters(Object(LoginAction), Array)
#3 /var/www/html/framework/web/CWebApplication.php(282): CController->run('login')
#4 /var/www/html/framework/web/CWebApplication.php(141): CWebApplication->runController('user/login')
#5 /var/www/html/framework/base/CApplication.php(185): CWebApplication->processRequest()
#6 /var/www/html/salestracker/index.php(13): CApplication->run()
#7 {main}
REQUEST_URI=/salestracker/index.php?r=user/login
HTTP_REFERER=http://salestracker:82/salestracker/index.php
---
2023/12/12 14:48:04 [error] [exception.CException] CException: Filter "application.filters.ChangePasswordFilter" is invalid. Controller "UserController" does not have the filter method "filterapplication.filters.ChangePasswordFilter". in /var/www/html/framework/web/filters/CInlineFilter.php:46
Stack trace:
#0 /var/www/html/framework/web/filters/CFilterChain.php(73): CInlineFilter::create(Object(UserController), 'application.fil...')
#1 /var/www/html/framework/web/CController.php(291): CFilterChain::create(Object(UserController), Object(LoginAction), Array)
#2 /var/www/html/framework/web/CController.php(265): CController->runActionWithFilters(Object(LoginAction), Array)
#3 /var/www/html/framework/web/CWebApplication.php(282): CController->run('login')
#4 /var/www/html/framework/web/CWebApplication.php(141): CWebApplication->runController('user/login')
#5 /var/www/html/framework/base/CApplication.php(185): CWebApplication->processRequest()
#6 /var/www/html/salestracker/index.php(13): CApplication->run()
#7 {main}
REQUEST_URI=/salestracker/index.php?r=user/login
HTTP_REFERER=http://salestracker:82/salestracker/index.php
---
2023/12/12 14:57:25 [error] [exception.CException] CException: Filter "ChangePassword[" is invalid. Controller "UserController" does not have the filter method "filterChangePassword[". in /var/www/html/framework/web/filters/CInlineFilter.php:46
Stack trace:
#0 /var/www/html/framework/web/filters/CFilterChain.php(70): CInlineFilter::create(Object(UserController), 'ChangePassword[')
#1 /var/www/html/framework/web/CController.php(291): CFilterChain::create(Object(UserController), Object(UploadXLSAction), Array)
#2 /var/www/html/framework/web/CController.php(265): CController->runActionWithFilters(Object(UploadXLSAction), Array)
#3 /var/www/html/framework/web/CWebApplication.php(282): CController->run('uploadXLS')
#4 /var/www/html/framework/web/CWebApplication.php(141): CWebApplication->runController('user/uploadXLS')
#5 /var/www/html/framework/base/CApplication.php(185): CWebApplication->processRequest()
#6 /var/www/html/salestracker/index.php(13): CApplication->run()
#7 {main}
REQUEST_URI=/salestracker/index.php?r=user/uploadXLS
HTTP_REFERER=http://salestracker:82/salestracker/index.php
---
2023/12/12 14:57:49 [error] [exception.CException] CException: Filter "ChangePasswordFilter[" is invalid. Controller "UserController" does not have the filter method "filterChangePasswordFilter[". in /var/www/html/framework/web/filters/CInlineFilter.php:46
Stack trace:
#0 /var/www/html/framework/web/filters/CFilterChain.php(70): CInlineFilter::create(Object(UserController), 'ChangePasswordF...')
#1 /var/www/html/framework/web/CController.php(291): CFilterChain::create(Object(UserController), Object(UploadXLSAction), Array)
#2 /var/www/html/framework/web/CController.php(265): CController->runActionWithFilters(Object(UploadXLSAction), Array)
#3 /var/www/html/framework/web/CWebApplication.php(282): CController->run('uploadXLS')
#4 /var/www/html/framework/web/CWebApplication.php(141): CWebApplication->runController('user/uploadXLS')
#5 /var/www/html/framework/base/CApplication.php(185): CWebApplication->processRequest()
#6 /var/www/html/salestracker/index.php(13): CApplication->run()
#7 {main}
REQUEST_URI=/salestracker/index.php?r=user/uploadXLS
HTTP_REFERER=http://salestracker:82/salestracker/index.php
---
2023/12/12 14:58:56 [error] [exception.CException] CException: Filter "ChangePasswordFilter" is invalid. Controller "UserController" does not have the filter method "filterChangePasswordFilter". in /var/www/html/framework/web/filters/CInlineFilter.php:46
Stack trace:
#0 /var/www/html/framework/web/filters/CFilterChain.php(70): CInlineFilter::create(Object(UserController), 'ChangePasswordF...')
#1 /var/www/html/framework/web/CController.php(291): CFilterChain::create(Object(UserController), Object(UploadXLSAction), Array)
#2 /var/www/html/framework/web/CController.php(265): CController->runActionWithFilters(Object(UploadXLSAction), Array)
#3 /var/www/html/framework/web/CWebApplication.php(282): CController->run('uploadXLS')
#4 /var/www/html/framework/web/CWebApplication.php(141): CWebApplication->runController('user/uploadXLS')
#5 /var/www/html/framework/base/CApplication.php(185): CWebApplication->processRequest()
#6 /var/www/html/salestracker/index.php(13): CApplication->run()
#7 {main}
REQUEST_URI=/salestracker/index.php?r=user/uploadXLS
HTTP_REFERER=http://salestracker:82/salestracker/index.php
---
2023/12/12 14:59:04 [error] [exception.CException] CException: Filter "ChangePasswordFilter" is invalid. Controller "UserController" does not have the filter method "filterChangePasswordFilter". in /var/www/html/framework/web/filters/CInlineFilter.php:46
Stack trace:
#0 /var/www/html/framework/web/filters/CFilterChain.php(70): CInlineFilter::create(Object(UserController), 'ChangePasswordF...')
#1 /var/www/html/framework/web/CController.php(291): CFilterChain::create(Object(UserController), Object(UploadXLSAction), Array)
#2 /var/www/html/framework/web/CController.php(265): CController->runActionWithFilters(Object(UploadXLSAction), Array)
#3 /var/www/html/framework/web/CWebApplication.php(282): CController->run('uploadXLS')
#4 /var/www/html/framework/web/CWebApplication.php(141): CWebApplication->runController('user/uploadXLS')
#5 /var/www/html/framework/base/CApplication.php(185): CWebApplication->processRequest()
#6 /var/www/html/salestracker/index.php(13): CApplication->run()
#7 {main}
REQUEST_URI=/salestracker/index.php?r=user/uploadXLS
HTTP_REFERER=http://salestracker:82/salestracker/index.php
---
2023/12/12 14:59:13 [error] [exception.CException] CException: Filter "ChangePasswordFilter" is invalid. Controller "UserController" does not have the filter method "filterChangePasswordFilter". in /var/www/html/framework/web/filters/CInlineFilter.php:46
Stack trace:
#0 /var/www/html/framework/web/filters/CFilterChain.php(70): CInlineFilter::create(Object(UserController), 'ChangePasswordF...')
#1 /var/www/html/framework/web/CController.php(291): CFilterChain::create(Object(UserController), Object(ListAction), Array)
#2 /var/www/html/framework/web/CController.php(265): CController->runActionWithFilters(Object(ListAction), Array)
#3 /var/www/html/framework/web/CWebApplication.php(282): CController->run('list')
#4 /var/www/html/framework/web/CWebApplication.php(141): CWebApplication->runController('user/list')
#5 /var/www/html/framework/base/CApplication.php(185): CWebApplication->processRequest()
#6 /var/www/html/salestracker/index.php(13): CApplication->run()
#7 {main}
REQUEST_URI=/salestracker/index.php?r=user/list
HTTP_REFERER=http://salestracker:82/salestracker/index.php?r=user/uploadXLS
---
2023/12/12 14:59:24 [error] [exception.CException] CException: Filter "ChangePasswordFilter" is invalid. Controller "UserController" does not have the filter method "filterChangePasswordFilter". in /var/www/html/framework/web/filters/CInlineFilter.php:46
Stack trace:
#0 /var/www/html/framework/web/filters/CFilterChain.php(70): CInlineFilter::create(Object(UserController), 'ChangePasswordF...')
#1 /var/www/html/framework/web/CController.php(291): CFilterChain::create(Object(UserController), Object(ListAction), Array)
#2 /var/www/html/framework/web/CController.php(265): CController->runActionWithFilters(Object(ListAction), Array)
#3 /var/www/html/framework/web/CWebApplication.php(282): CController->run('list')
#4 /var/www/html/framework/web/CWebApplication.php(141): CWebApplication->runController('user/list')
#5 /var/www/html/framework/base/CApplication.php(185): CWebApplication->processRequest()
#6 /var/www/html/salestracker/index.php(13): CApplication->run()
#7 {main}
REQUEST_URI=/salestracker/index.php?r=user/list
HTTP_REFERER=http://salestracker:82/salestracker/index.php?r=user/uploadXLS
---
2023/12/12 15:00:21 [error] [exception.CException] CException: Filter "ChangePassword" is invalid. Controller "UserController" does not have the filter method "filterChangePassword". in /var/www/html/framework/web/filters/CInlineFilter.php:46
Stack trace:
#0 /var/www/html/framework/web/filters/CFilterChain.php(70): CInlineFilter::create(Object(UserController), 'ChangePassword')
#1 /var/www/html/framework/web/CController.php(291): CFilterChain::create(Object(UserController), Object(ListAction), Array)
#2 /var/www/html/framework/web/CController.php(265): CController->runActionWithFilters(Object(ListAction), Array)
#3 /var/www/html/framework/web/CWebApplication.php(282): CController->run('list')
#4 /var/www/html/framework/web/CWebApplication.php(141): CWebApplication->runController('user/list')
#5 /var/www/html/framework/base/CApplication.php(185): CWebApplication->processRequest()
#6 /var/www/html/salestracker/index.php(13): CApplication->run()
#7 {main}
REQUEST_URI=/salestracker/index.php?r=user/list
HTTP_REFERER=http://salestracker:82/salestracker/index.php?r=user/uploadXLS
---
2023/12/12 15:00:24 [error] [exception.CException] CException: Filter "ChangePassword" is invalid. Controller "UserController" does not have the filter method "filterChangePassword". in /var/www/html/framework/web/filters/CInlineFilter.php:46
Stack trace:
#0 /var/www/html/framework/web/filters/CFilterChain.php(70): CInlineFilter::create(Object(UserController), 'ChangePassword')
#1 /var/www/html/framework/web/CController.php(291): CFilterChain::create(Object(UserController), Object(ListAction), Array)
#2 /var/www/html/framework/web/CController.php(265): CController->runActionWithFilters(Object(ListAction), Array)
#3 /var/www/html/framework/web/CWebApplication.php(282): CController->run('list')
#4 /var/www/html/framework/web/CWebApplication.php(141): CWebApplication->runController('user/list')
#5 /var/www/html/framework/base/CApplication.php(185): CWebApplication->processRequest()
#6 /var/www/html/salestracker/index.php(13): CApplication->run()
#7 {main}
REQUEST_URI=/salestracker/index.php?r=user/list
HTTP_REFERER=http://salestracker:82/salestracker/index.php?r=user/changePassword
---
2023/12/12 15:00:29 [error] [exception.CException] CException: Filter "ChangePassword" is invalid. Controller "UserController" does not have the filter method "filterChangePassword". in /var/www/html/framework/web/filters/CInlineFilter.php:46
Stack trace:
#0 /var/www/html/framework/web/filters/CFilterChain.php(70): CInlineFilter::create(Object(UserController), 'ChangePassword')
#1 /var/www/html/framework/web/CController.php(291): CFilterChain::create(Object(UserController), Object(ListAction), Array)
#2 /var/www/html/framework/web/CController.php(265): CController->runActionWithFilters(Object(ListAction), Array)
#3 /var/www/html/framework/web/CWebApplication.php(282): CController->run('list')
#4 /var/www/html/framework/web/CWebApplication.php(141): CWebApplication->runController('user/list')
#5 /var/www/html/framework/base/CApplication.php(185): CWebApplication->processRequest()
#6 /var/www/html/salestracker/index.php(13): CApplication->run()
#7 {main}
REQUEST_URI=/salestracker/index.php?r=user/list
HTTP_REFERER=http://salestracker:82/salestracker/index.php?r=user/uploadXLS
---
2023/12/12 15:05:04 [error] [exception.CException] CException: Filter "application.filters.ChangePasswordFilter" is invalid. Controller "UserController" does not have the filter method "filterapplication.filters.ChangePasswordFilter". in /var/www/html/framework/web/filters/CInlineFilter.php:46
Stack trace:
#0 /var/www/html/framework/web/filters/CFilterChain.php(73): CInlineFilter::create(Object(UserController), 'application.fil...')
#1 /var/www/html/framework/web/CController.php(291): CFilterChain::create(Object(UserController), Object(ListAction), Array)
#2 /var/www/html/framework/web/CController.php(265): CController->runActionWithFilters(Object(ListAction), Array)
#3 /var/www/html/framework/web/CWebApplication.php(282): CController->run('list')
#4 /var/www/html/framework/web/CWebApplication.php(141): CWebApplication->runController('user/list')
#5 /var/www/html/framework/base/CApplication.php(185): CWebApplication->processRequest()
#6 /var/www/html/salestracker/index.php(13): CApplication->run()
#7 {main}
REQUEST_URI=/salestracker/index.php?r=user/list
HTTP_REFERER=http://salestracker:82/salestracker/index.php?r=user/uploadXLS
---
2023/12/12 15:05:28 [error] [exception.CException] CException: Filter "application.filters.ChangePasswordFilter" is invalid. Controller "UserController" does not have the filter method "filterapplication.filters.ChangePasswordFilter". in /var/www/html/framework/web/filters/CInlineFilter.php:46
Stack trace:
#0 /var/www/html/framework/web/filters/CFilterChain.php(70): CInlineFilter::create(Object(UserController), 'application.fil...')
#1 /var/www/html/framework/web/CController.php(291): CFilterChain::create(Object(UserController), Object(ListAction), Array)
#2 /var/www/html/framework/web/CController.php(265): CController->runActionWithFilters(Object(ListAction), Array)
#3 /var/www/html/framework/web/CWebApplication.php(282): CController->run('list')
#4 /var/www/html/framework/web/CWebApplication.php(141): CWebApplication->runController('user/list')
#5 /var/www/html/framework/base/CApplication.php(185): CWebApplication->processRequest()
#6 /var/www/html/salestracker/index.php(13): CApplication->run()
#7 {main}
REQUEST_URI=/salestracker/index.php?r=user/list
HTTP_REFERER=http://salestracker:82/salestracker/index.php?r=user/uploadXLS
---
2023/12/12 15:05:50 [error] [exception.CException] CException: Filter "application.filters.ChangePasswordFilter[" is invalid. Controller "UserController" does not have the filter method "filterapplication.filters.ChangePasswordFilter[". in /var/www/html/framework/web/filters/CInlineFilter.php:46
Stack trace:
#0 /var/www/html/framework/web/filters/CFilterChain.php(70): CInlineFilter::create(Object(UserController), 'application.fil...')
#1 /var/www/html/framework/web/CController.php(291): CFilterChain::create(Object(UserController), Object(ListAction), Array)
#2 /var/www/html/framework/web/CController.php(265): CController->runActionWithFilters(Object(ListAction), Array)
#3 /var/www/html/framework/web/CWebApplication.php(282): CController->run('list')
#4 /var/www/html/framework/web/CWebApplication.php(141): CWebApplication->runController('user/list')
#5 /var/www/html/framework/base/CApplication.php(185): CWebApplication->processRequest()
#6 /var/www/html/salestracker/index.php(13): CApplication->run()
#7 {main}
REQUEST_URI=/salestracker/index.php?r=user/list
HTTP_REFERER=http://salestracker:82/salestracker/index.php?r=user/uploadXLS
---
2023/12/12 15:05:57 [error] [exception.CException] CException: Filter "ChangePasswordFilter[" is invalid. Controller "UserController" does not have the filter method "filterChangePasswordFilter[". in /var/www/html/framework/web/filters/CInlineFilter.php:46
Stack trace:
#0 /var/www/html/framework/web/filters/CFilterChain.php(70): CInlineFilter::create(Object(UserController), 'ChangePasswordF...')
#1 /var/www/html/framework/web/CController.php(291): CFilterChain::create(Object(UserController), Object(ListAction), Array)
#2 /var/www/html/framework/web/CController.php(265): CController->runActionWithFilters(Object(ListAction), Array)
#3 /var/www/html/framework/web/CWebApplication.php(282): CController->run('list')
#4 /var/www/html/framework/web/CWebApplication.php(141): CWebApplication->runController('user/list')
#5 /var/www/html/framework/base/CApplication.php(185): CWebApplication->processRequest()
#6 /var/www/html/salestracker/index.php(13): CApplication->run()
#7 {main}
REQUEST_URI=/salestracker/index.php?r=user/list
HTTP_REFERER=http://salestracker:82/salestracker/index.php?r=user/uploadXLS
---
2023/12/12 15:06:02 [error] [exception.CException] CException: Filter "ChangePassword[" is invalid. Controller "UserController" does not have the filter method "filterChangePassword[". in /var/www/html/framework/web/filters/CInlineFilter.php:46
Stack trace:
#0 /var/www/html/framework/web/filters/CFilterChain.php(70): CInlineFilter::create(Object(UserController), 'ChangePassword[')
#1 /var/www/html/framework/web/CController.php(291): CFilterChain::create(Object(UserController), Object(ListAction), Array)
#2 /var/www/html/framework/web/CController.php(265): CController->runActionWithFilters(Object(ListAction), Array)
#3 /var/www/html/framework/web/CWebApplication.php(282): CController->run('list')
#4 /var/www/html/framework/web/CWebApplication.php(141): CWebApplication->runController('user/list')
#5 /var/www/html/framework/base/CApplication.php(185): CWebApplication->processRequest()
#6 /var/www/html/salestracker/index.php(13): CApplication->run()
#7 {main}
REQUEST_URI=/salestracker/index.php?r=user/list
HTTP_REFERER=http://salestracker:82/salestracker/index.php?r=user/uploadXLS
---
2023/12/12 15:22:49 [warning] [application] Failed to set unsafe attribute "name" of "UploadXLSFrom".
in /var/www/html/salestracker/protected/controllers/user/UploadXLSAction.php (16)
in /var/www/html/salestracker/index.php (13)
2023/12/12 15:22:49 [warning] [application] Failed to set unsafe attribute "full_path" of "UploadXLSFrom".
in /var/www/html/salestracker/protected/controllers/user/UploadXLSAction.php (16)
in /var/www/html/salestracker/index.php (13)
2023/12/12 15:22:49 [warning] [application] Failed to set unsafe attribute "type" of "UploadXLSFrom".
in /var/www/html/salestracker/protected/controllers/user/UploadXLSAction.php (16)
in /var/www/html/salestracker/index.php (13)
2023/12/12 15:22:49 [warning] [application] Failed to set unsafe attribute "tmp_name" of "UploadXLSFrom".
in /var/www/html/salestracker/protected/controllers/user/UploadXLSAction.php (16)
in /var/www/html/salestracker/index.php (13)
2023/12/12 15:22:49 [warning] [application] Failed to set unsafe attribute "error" of "UploadXLSFrom".
in /var/www/html/salestracker/protected/controllers/user/UploadXLSAction.php (16)
in /var/www/html/salestracker/index.php (13)
2023/12/12 15:22:49 [warning] [application] Failed to set unsafe attribute "size" of "UploadXLSFrom".
in /var/www/html/salestracker/protected/controllers/user/UploadXLSAction.php (16)
in /var/www/html/salestracker/index.php (13)
2023/12/12 15:23:56 [warning] [application] Failed to set unsafe attribute "name" of "UploadXLSFrom".
in /var/www/html/salestracker/protected/controllers/user/UploadXLSAction.php (16)
in /var/www/html/salestracker/index.php (13)
2023/12/12 15:23:56 [warning] [application] Failed to set unsafe attribute "full_path" of "UploadXLSFrom".
in /var/www/html/salestracker/protected/controllers/user/UploadXLSAction.php (16)
in /var/www/html/salestracker/index.php (13)
2023/12/12 15:23:56 [warning] [application] Failed to set unsafe attribute "type" of "UploadXLSFrom".
in /var/www/html/salestracker/protected/controllers/user/UploadXLSAction.php (16)
in /var/www/html/salestracker/index.php (13)
2023/12/12 15:23:56 [warning] [application] Failed to set unsafe attribute "tmp_name" of "UploadXLSFrom".
in /var/www/html/salestracker/protected/controllers/user/UploadXLSAction.php (16)
in /var/www/html/salestracker/index.php (13)
2023/12/12 15:23:56 [warning] [application] Failed to set unsafe attribute "error" of "UploadXLSFrom".
in /var/www/html/salestracker/protected/controllers/user/UploadXLSAction.php (16)
in /var/www/html/salestracker/index.php (13)
2023/12/12 15:23:56 [warning] [application] Failed to set unsafe attribute "size" of "UploadXLSFrom".
in /var/www/html/salestracker/protected/controllers/user/UploadXLSAction.php (16)
in /var/www/html/salestracker/index.php (13)
2023/12/12 15:29:31 [warning] [application] Failed to set unsafe attribute "name" of "UploadXLSFrom".
in /var/www/html/salestracker/protected/controllers/user/UploadXLSAction.php (16)
in /var/www/html/salestracker/index.php (13)
2023/12/12 15:29:31 [warning] [application] Failed to set unsafe attribute "full_path" of "UploadXLSFrom".
in /var/www/html/salestracker/protected/controllers/user/UploadXLSAction.php (16)
in /var/www/html/salestracker/index.php (13)
2023/12/12 15:29:31 [warning] [application] Failed to set unsafe attribute "type" of "UploadXLSFrom".
in /var/www/html/salestracker/protected/controllers/user/UploadXLSAction.php (16)
in /var/www/html/salestracker/index.php (13)
2023/12/12 15:29:31 [warning] [application] Failed to set unsafe attribute "tmp_name" of "UploadXLSFrom".
in /var/www/html/salestracker/protected/controllers/user/UploadXLSAction.php (16)
in /var/www/html/salestracker/index.php (13)
2023/12/12 15:29:31 [warning] [application] Failed to set unsafe attribute "error" of "UploadXLSFrom".
in /var/www/html/salestracker/protected/controllers/user/UploadXLSAction.php (16)
in /var/www/html/salestracker/index.php (13)
2023/12/12 15:29:31 [warning] [application] Failed to set unsafe attribute "size" of "UploadXLSFrom".
in /var/www/html/salestracker/protected/controllers/user/UploadXLSAction.php (16)
in /var/www/html/salestracker/index.php (13)
2023/12/12 15:30:07 [warning] [application] Failed to set unsafe attribute "name" of "UploadXLSFrom".
in /var/www/html/salestracker/protected/controllers/user/UploadXLSAction.php (16)
in /var/www/html/salestracker/index.php (13)
2023/12/12 15:30:07 [warning] [application] Failed to set unsafe attribute "full_path" of "UploadXLSFrom".
in /var/www/html/salestracker/protected/controllers/user/UploadXLSAction.php (16)
in /var/www/html/salestracker/index.php (13)
2023/12/12 15:30:07 [warning] [application] Failed to set unsafe attribute "type" of "UploadXLSFrom".
in /var/www/html/salestracker/protected/controllers/user/UploadXLSAction.php (16)
in /var/www/html/salestracker/index.php (13)
2023/12/12 15:30:07 [warning] [application] Failed to set unsafe attribute "tmp_name" of "UploadXLSFrom".
in /var/www/html/salestracker/protected/controllers/user/UploadXLSAction.php (16)
in /var/www/html/salestracker/index.php (13)
2023/12/12 15:30:07 [warning] [application] Failed to set unsafe attribute "error" of "UploadXLSFrom".
in /var/www/html/salestracker/protected/controllers/user/UploadXLSAction.php (16)
in /var/www/html/salestracker/index.php (13)
2023/12/12 15:30:07 [warning] [application] Failed to set unsafe attribute "size" of "UploadXLSFrom".
in /var/www/html/salestracker/protected/controllers/user/UploadXLSAction.php (16)
in /var/www/html/salestracker/index.php (13)
2023/12/12 15:31:10 [warning] [application] Failed to set unsafe attribute "name" of "UploadXLSFrom".
in /var/www/html/salestracker/protected/controllers/user/UploadXLSAction.php (16)
in /var/www/html/salestracker/index.php (13)
2023/12/12 15:31:10 [warning] [application] Failed to set unsafe attribute "full_path" of "UploadXLSFrom".
in /var/www/html/salestracker/protected/controllers/user/UploadXLSAction.php (16)
in /var/www/html/salestracker/index.php (13)
2023/12/12 15:31:10 [warning] [application] Failed to set unsafe attribute "type" of "UploadXLSFrom".
in /var/www/html/salestracker/protected/controllers/user/UploadXLSAction.php (16)
in /var/www/html/salestracker/index.php (13)
2023/12/12 15:31:10 [warning] [application] Failed to set unsafe attribute "tmp_name" of "UploadXLSFrom".
in /var/www/html/salestracker/protected/controllers/user/UploadXLSAction.php (16)
in /var/www/html/salestracker/index.php (13)
2023/12/12 15:31:10 [warning] [application] Failed to set unsafe attribute "error" of "UploadXLSFrom".
in /var/www/html/salestracker/protected/controllers/user/UploadXLSAction.php (16)
in /var/www/html/salestracker/index.php (13)
2023/12/12 15:31:10 [warning] [application] Failed to set unsafe attribute "size" of "UploadXLSFrom".
in /var/www/html/salestracker/protected/controllers/user/UploadXLSAction.php (16)
in /var/www/html/salestracker/index.php (13)
2023/12/12 15:31:15 [warning] [application] Failed to set unsafe attribute "name" of "UploadXLSFrom".
in /var/www/html/salestracker/protected/controllers/user/UploadXLSAction.php (16)
in /var/www/html/salestracker/index.php (13)
2023/12/12 15:31:15 [warning] [application] Failed to set unsafe attribute "full_path" of "UploadXLSFrom".
in /var/www/html/salestracker/protected/controllers/user/UploadXLSAction.php (16)
in /var/www/html/salestracker/index.php (13)
2023/12/12 15:31:15 [warning] [application] Failed to set unsafe attribute "type" of "UploadXLSFrom".
in /var/www/html/salestracker/protected/controllers/user/UploadXLSAction.php (16)
in /var/www/html/salestracker/index.php (13)
2023/12/12 15:31:15 [warning] [application] Failed to set unsafe attribute "tmp_name" of "UploadXLSFrom".
in /var/www/html/salestracker/protected/controllers/user/UploadXLSAction.php (16)
in /var/www/html/salestracker/index.php (13)
2023/12/12 15:31:15 [warning] [application] Failed to set unsafe attribute "error" of "UploadXLSFrom".
in /var/www/html/salestracker/protected/controllers/user/UploadXLSAction.php (16)
in /var/www/html/salestracker/index.php (13)
2023/12/12 15:31:15 [warning] [application] Failed to set unsafe attribute "size" of "UploadXLSFrom".
in /var/www/html/salestracker/protected/controllers/user/UploadXLSAction.php (16)
in /var/www/html/salestracker/index.php (13)
2023/12/12 15:31:39 [warning] [application] Failed to set unsafe attribute "name" of "UploadXLSFrom".
in /var/www/html/salestracker/protected/controllers/user/UploadXLSAction.php (16)
in /var/www/html/salestracker/index.php (13)
2023/12/12 15:31:39 [warning] [application] Failed to set unsafe attribute "full_path" of "UploadXLSFrom".
in /var/www/html/salestracker/protected/controllers/user/UploadXLSAction.php (16)
in /var/www/html/salestracker/index.php (13)
2023/12/12 15:31:39 [warning] [application] Failed to set unsafe attribute "type" of "UploadXLSFrom".
in /var/www/html/salestracker/protected/controllers/user/UploadXLSAction.php (16)
in /var/www/html/salestracker/index.php (13)
2023/12/12 15:31:39 [warning] [application] Failed to set unsafe attribute "tmp_name" of "UploadXLSFrom".
in /var/www/html/salestracker/protected/controllers/user/UploadXLSAction.php (16)
in /var/www/html/salestracker/index.php (13)
2023/12/12 15:31:39 [warning] [application] Failed to set unsafe attribute "error" of "UploadXLSFrom".
in /var/www/html/salestracker/protected/controllers/user/UploadXLSAction.php (16)
in /var/www/html/salestracker/index.php (13)
2023/12/12 15:31:39 [warning] [application] Failed to set unsafe attribute "size" of "UploadXLSFrom".
in /var/www/html/salestracker/protected/controllers/user/UploadXLSAction.php (16)
in /var/www/html/salestracker/index.php (13)
2023/12/12 15:43:08 [warning] [application] Failed to set unsafe attribute "name" of "UploadXLSFrom".
in /var/www/html/salestracker/protected/controllers/user/UploadXLSAction.php (15)
in /var/www/html/salestracker/index.php (13)
2023/12/12 15:43:08 [warning] [application] Failed to set unsafe attribute "full_path" of "UploadXLSFrom".
in /var/www/html/salestracker/protected/controllers/user/UploadXLSAction.php (15)
in /var/www/html/salestracker/index.php (13)
2023/12/12 15:43:08 [warning] [application] Failed to set unsafe attribute "type" of "UploadXLSFrom".
in /var/www/html/salestracker/protected/controllers/user/UploadXLSAction.php (15)
in /var/www/html/salestracker/index.php (13)
2023/12/12 15:43:08 [warning] [application] Failed to set unsafe attribute "tmp_name" of "UploadXLSFrom".
in /var/www/html/salestracker/protected/controllers/user/UploadXLSAction.php (15)
in /var/www/html/salestracker/index.php (13)
2023/12/12 15:43:08 [warning] [application] Failed to set unsafe attribute "error" of "UploadXLSFrom".
in /var/www/html/salestracker/protected/controllers/user/UploadXLSAction.php (15)
in /var/www/html/salestracker/index.php (13)
2023/12/12 15:43:08 [warning] [application] Failed to set unsafe attribute "size" of "UploadXLSFrom".
in /var/www/html/salestracker/protected/controllers/user/UploadXLSAction.php (15)
in /var/www/html/salestracker/index.php (13)
2023/12/12 15:43:40 [warning] [application] Failed to set unsafe attribute "name" of "UploadXLSFrom".
in /var/www/html/salestracker/protected/controllers/user/UploadXLSAction.php (15)
in /var/www/html/salestracker/index.php (13)
2023/12/12 15:43:40 [warning] [application] Failed to set unsafe attribute "full_path" of "UploadXLSFrom".
in /var/www/html/salestracker/protected/controllers/user/UploadXLSAction.php (15)
in /var/www/html/salestracker/index.php (13)
2023/12/12 15:43:40 [warning] [application] Failed to set unsafe attribute "type" of "UploadXLSFrom".
in /var/www/html/salestracker/protected/controllers/user/UploadXLSAction.php (15)
in /var/www/html/salestracker/index.php (13)
2023/12/12 15:43:40 [warning] [application] Failed to set unsafe attribute "tmp_name" of "UploadXLSFrom".
in /var/www/html/salestracker/protected/controllers/user/UploadXLSAction.php (15)
in /var/www/html/salestracker/index.php (13)
2023/12/12 15:43:40 [warning] [application] Failed to set unsafe attribute "error" of "UploadXLSFrom".
in /var/www/html/salestracker/protected/controllers/user/UploadXLSAction.php (15)
in /var/www/html/salestracker/index.php (13)
2023/12/12 15:43:40 [warning] [application] Failed to set unsafe attribute "size" of "UploadXLSFrom".
in /var/www/html/salestracker/protected/controllers/user/UploadXLSAction.php (15)
in /var/www/html/salestracker/index.php (13)
2023/12/12 16:10:36 [warning] [application] Failed to set unsafe attribute "name" of "UploadXLSFrom".
in /var/www/html/salestracker/protected/controllers/user/UploadXLSAction.php (15)
in /var/www/html/salestracker/index.php (13)
2023/12/12 16:10:36 [warning] [application] Failed to set unsafe attribute "full_path" of "UploadXLSFrom".
in /var/www/html/salestracker/protected/controllers/user/UploadXLSAction.php (15)
in /var/www/html/salestracker/index.php (13)
2023/12/12 16:10:36 [warning] [application] Failed to set unsafe attribute "type" of "UploadXLSFrom".
in /var/www/html/salestracker/protected/controllers/user/UploadXLSAction.php (15)
in /var/www/html/salestracker/index.php (13)
2023/12/12 16:10:36 [warning] [application] Failed to set unsafe attribute "tmp_name" of "UploadXLSFrom".
in /var/www/html/salestracker/protected/controllers/user/UploadXLSAction.php (15)
in /var/www/html/salestracker/index.php (13)
2023/12/12 16:10:36 [warning] [application] Failed to set unsafe attribute "error" of "UploadXLSFrom".
in /var/www/html/salestracker/protected/controllers/user/UploadXLSAction.php (15)
in /var/www/html/salestracker/index.php (13)
2023/12/12 16:10:36 [warning] [application] Failed to set unsafe attribute "size" of "UploadXLSFrom".
in /var/www/html/salestracker/protected/controllers/user/UploadXLSAction.php (15)
in /var/www/html/salestracker/index.php (13)
2023/12/13 15:48:11 [error] [system.db.CDbCommand] CDbCommand::fetchAll() failed: SQLSTATE[42S02]: Base table or view not found: 1146 Table 'service_salestracker_user.user' doesn't exist. The SQL statement executed was: SHOW FULL COLUMNS FROM `user`.
in /var/www/html/salestracker/protected/controllers/user/RegisterAction.php (12)
in /var/www/html/salestracker/index.php (13)
2023/12/13 15:48:50 [error] [system.db.CDbCommand] CDbCommand::fetchAll() failed: SQLSTATE[42S02]: Base table or view not found: 1146 Table 'service_salestracker_user.tbl_migration' doesn't exist. The SQL statement executed was: SHOW FULL COLUMNS FROM `tbl_migration`.
2023/12/13 15:55:37 [warning] [application] Failed to set unsafe attribute "name" of "UploadXLSFrom".
in /var/www/html/salestracker/protected/controllers/user/UploadXLSAction.php (16)
in /var/www/html/salestracker/index.php (13)
2023/12/13 15:55:37 [warning] [application] Failed to set unsafe attribute "full_path" of "UploadXLSFrom".
in /var/www/html/salestracker/protected/controllers/user/UploadXLSAction.php (16)
in /var/www/html/salestracker/index.php (13)
2023/12/13 15:55:37 [warning] [application] Failed to set unsafe attribute "type" of "UploadXLSFrom".
in /var/www/html/salestracker/protected/controllers/user/UploadXLSAction.php (16)
in /var/www/html/salestracker/index.php (13)
2023/12/13 15:55:37 [warning] [application] Failed to set unsafe attribute "tmp_name" of "UploadXLSFrom".
in /var/www/html/salestracker/protected/controllers/user/UploadXLSAction.php (16)
in /var/www/html/salestracker/index.php (13)
2023/12/13 15:55:37 [warning] [application] Failed to set unsafe attribute "error" of "UploadXLSFrom".
in /var/www/html/salestracker/protected/controllers/user/UploadXLSAction.php (16)
in /var/www/html/salestracker/index.php (13)
2023/12/13 15:55:37 [warning] [application] Failed to set unsafe attribute "size" of "UploadXLSFrom".
in /var/www/html/salestracker/protected/controllers/user/UploadXLSAction.php (16)
in /var/www/html/salestracker/index.php (13)
2023/12/13 15:56:07 [warning] [application] Failed to set unsafe attribute "name" of "UploadXLSFrom".
in /var/www/html/salestracker/protected/controllers/user/UploadXLSAction.php (16)
in /var/www/html/salestracker/index.php (13)
2023/12/13 15:56:07 [warning] [application] Failed to set unsafe attribute "full_path" of "UploadXLSFrom".
in /var/www/html/salestracker/protected/controllers/user/UploadXLSAction.php (16)
in /var/www/html/salestracker/index.php (13)
2023/12/13 15:56:07 [warning] [application] Failed to set unsafe attribute "type" of "UploadXLSFrom".
in /var/www/html/salestracker/protected/controllers/user/UploadXLSAction.php (16)
in /var/www/html/salestracker/index.php (13)
2023/12/13 15:56:07 [warning] [application] Failed to set unsafe attribute "tmp_name" of "UploadXLSFrom".
in /var/www/html/salestracker/protected/controllers/user/UploadXLSAction.php (16)
in /var/www/html/salestracker/index.php (13)
2023/12/13 15:56:07 [warning] [application] Failed to set unsafe attribute "error" of "UploadXLSFrom".
in /var/www/html/salestracker/protected/controllers/user/UploadXLSAction.php (16)
in /var/www/html/salestracker/index.php (13)
2023/12/13 15:56:07 [warning] [application] Failed to set unsafe attribute "size" of "UploadXLSFrom".
in /var/www/html/salestracker/protected/controllers/user/UploadXLSAction.php (16)
in /var/www/html/salestracker/index.php (13)
2023/12/13 15:56:25 [warning] [application] Failed to set unsafe attribute "name" of "UploadXLSFrom".
in /var/www/html/salestracker/protected/controllers/user/UploadXLSAction.php (16)
in /var/www/html/salestracker/index.php (13)
2023/12/13 15:56:25 [warning] [application] Failed to set unsafe attribute "full_path" of "UploadXLSFrom".
in /var/www/html/salestracker/protected/controllers/user/UploadXLSAction.php (16)
in /var/www/html/salestracker/index.php (13)
2023/12/13 15:56:25 [warning] [application] Failed to set unsafe attribute "type" of "UploadXLSFrom".
in /var/www/html/salestracker/protected/controllers/user/UploadXLSAction.php (16)
in /var/www/html/salestracker/index.php (13)
2023/12/13 15:56:25 [warning] [application] Failed to set unsafe attribute "tmp_name" of "UploadXLSFrom".
in /var/www/html/salestracker/protected/controllers/user/UploadXLSAction.php (16)
in /var/www/html/salestracker/index.php (13)
2023/12/13 15:56:25 [warning] [application] Failed to set unsafe attribute "error" of "UploadXLSFrom".
in /var/www/html/salestracker/protected/controllers/user/UploadXLSAction.php (16)
in /var/www/html/salestracker/index.php (13)
2023/12/13 15:56:25 [warning] [application] Failed to set unsafe attribute "size" of "UploadXLSFrom".
in /var/www/html/salestracker/protected/controllers/user/UploadXLSAction.php (16)
in /var/www/html/salestracker/index.php (13)
2023/12/13 15:56:26 [error] [php] include(YiiMailer.php): Failed to open stream: No such file or directory (/var/www/html/framework/YiiBase.php:463)
Stack trace:
#0 /var/www/html/framework/YiiBase.php(463): include()
#1 /var/www/html/salestracker/protected/controllers/user/UploadXLSAction.php(73): autoload()
#2 /var/www/html/salestracker/protected/controllers/user/UploadXLSAction.php(63): UploadXLSAction->sendEmail()
#3 /var/www/html/salestracker/protected/controllers/user/UploadXLSAction.php(23): UploadXLSAction->saveUsers()
#4 /var/www/html/framework/web/actions/CAction.php(76): UploadXLSAction->run()
#5 /var/www/html/framework/web/CController.php(308): UploadXLSAction->runWithParams()
#6 /var/www/html/framework/web/filters/CFilterChain.php(134): UserController->runAction()
#7 /var/www/html/framework/web/filters/CFilter.php(40): CFilterChain->run()
#8 /var/www/html/framework/web/filters/CFilterChain.php(131): IsUserLoggedInFilter->filter()
#9 /var/www/html/framework/web/filters/CFilter.php(40): CFilterChain->run()
#10 /var/www/html/framework/web/filters/CFilterChain.php(131): ChangePasswordFilter->filter()
#11 /var/www/html/framework/web/CController.php(291): CFilterChain->run()
#12 /var/www/html/framework/web/CController.php(265): UserController->runActionWithFilters()
#13 /var/www/html/framework/web/CWebApplication.php(282): UserController->run()
#14 /var/www/html/framework/web/CWebApplication.php(141): CWebApplication->runController()
#15 /var/www/html/framework/base/CApplication.php(185): CWebApplication->processRequest()
#16 /var/www/html/salestracker/index.php(13): CWebApplication->run()
REQUEST_URI=/salestracker/index.php?r=user/uploadXLS
in /var/www/html/salestracker/protected/controllers/user/UploadXLSAction.php (73)
in /var/www/html/salestracker/protected/controllers/user/UploadXLSAction.php (63)
in /var/www/html/salestracker/protected/controllers/user/UploadXLSAction.php (23)
2023/12/13 15:57:06 [warning] [application] Failed to set unsafe attribute "name" of "UploadXLSFrom".
in /var/www/html/salestracker/protected/controllers/user/UploadXLSAction.php (16)
in /var/www/html/salestracker/index.php (13)
2023/12/13 15:57:06 [warning] [application] Failed to set unsafe attribute "full_path" of "UploadXLSFrom".
in /var/www/html/salestracker/protected/controllers/user/UploadXLSAction.php (16)
in /var/www/html/salestracker/index.php (13)
2023/12/13 15:57:06 [warning] [application] Failed to set unsafe attribute "type" of "UploadXLSFrom".
in /var/www/html/salestracker/protected/controllers/user/UploadXLSAction.php (16)
in /var/www/html/salestracker/index.php (13)
2023/12/13 15:57:06 [warning] [application] Failed to set unsafe attribute "tmp_name" of "UploadXLSFrom".
in /var/www/html/salestracker/protected/controllers/user/UploadXLSAction.php (16)
in /var/www/html/salestracker/index.php (13)
2023/12/13 15:57:06 [warning] [application] Failed to set unsafe attribute "error" of "UploadXLSFrom".
in /var/www/html/salestracker/protected/controllers/user/UploadXLSAction.php (16)
in /var/www/html/salestracker/index.php (13)
2023/12/13 15:57:06 [warning] [application] Failed to set unsafe attribute "size" of "UploadXLSFrom".
in /var/www/html/salestracker/protected/controllers/user/UploadXLSAction.php (16)
in /var/www/html/salestracker/index.php (13)
